# JRE version: OpenJDK Runtime Environment Temurin-17.0.12+7 (17.0.12+7) (build 17.0.12+7)
# Java VM: OpenJDK 64-Bit Server VM Temurin-17.0.12+7 (17.0.12+7, mixed mode, tiered, compressed oops, compressed class ptrs, parallel gc, windows-amd64)
GC Precious Log:
 CPUs: 8 total, 8 available
 Memory: 8083M
 Large Page Support: Disabled
 NUMA Support: Disabled
 Compressed Oops: Enabled (32-bit)
 Alignments: Space 512K, Generation 512K, Heap 2M
 Heap Min Capacity: 100M
 Heap Initial Capacity: 100M
 Heap Max Capacity: 1G
 Pre-touch: Disabled
 Parallel Workers: 8
Heap:
 PSYoungGen      total 54272K, used 21893K [0x00000000eab00000, 0x00000000eea80000, 0x0000000100000000)
  eden space 49152K, 34% used [0x00000000eab00000,0x00000000ebb7f7d0,0x00000000edb00000)
  from space 5120K, 97% used [0x00000000ee580000,0x00000000eea61c40,0x00000000eea80000)
  to   space 6656K, 0% used [0x00000000edd80000,0x00000000edd80000,0x00000000ee400000)
 ParOldGen       total 461312K, used 399155K [0x00000000c0000000, 0x00000000dc280000, 0x00000000eab00000)
  object space 461312K, 86% used [0x00000000c0000000,0x00000000d85cccf0,0x00000000dc280000)
 Metaspace       used 89709K, committed 91328K, reserved 1179648K
  class space    used 9440K, committed 10176K, reserved 1048576K
GC Heap History (20 events):
Event: 80.030 GC heap before
{Heap before GC invocations=432 (full 20):
 PSYoungGen      total 65536K, used 61288K [0x00000000eab00000, 0x00000000ef480000, 0x0000000100000000)
  eden space 60416K, 99% used [0x00000000eab00000,0x00000000ee577a18,0x00000000ee600000)
  from space 5120K, 27% used [0x00000000eeb80000,0x00000000eece27b8,0x00000000ef080000)
  to   space 2560K, 0% used [0x00000000ef200000,0x00000000ef200000,0x00000000ef480000)
 ParOldGen       total 445440K, used 414715K [0x00000000c0000000, 0x00000000db300000, 0x00000000eab00000)
  object space 445440K, 93% used [0x00000000c0000000,0x00000000d94fed10,0x00000000db300000)
 Metaspace       used 86359K, committed 87872K, reserved 1179648K
  class space    used 9063K, committed 9728K, reserved 1048576K
}
Event: 80.038 GC heap after
{Heap after GC invocations=432 (full 20):
 PSYoungGen      total 61952K, used 2558K [0x00000000eab00000, 0x00000000ef480000, 0x0000000100000000)
  eden space 59392K, 0% used [0x00000000eab00000,0x00000000eab00000,0x00000000ee500000)
  from space 2560K, 99% used [0x00000000ef200000,0x00000000ef47f9b8,0x00000000ef480000)
  to   space 3072K, 0% used [0x00000000eee80000,0x00000000eee80000,0x00000000ef180000)
 ParOldGen       total 445440K, used 414859K [0x00000000c0000000, 0x00000000db300000, 0x00000000eab00000)
  object space 445440K, 93% used [0x00000000c0000000,0x00000000d9522d30,0x00000000db300000)
 Metaspace       used 86359K, committed 87872K, reserved 1179648K
  class space    used 9063K, committed 9728K, reserved 1048576K
}
Event: 81.056 GC heap before
{Heap before GC invocations=433 (full 20):
 PSYoungGen      total 61952K, used 61950K [0x00000000eab00000, 0x00000000ef480000, 0x0000000100000000)
  eden space 59392K, 100% used [0x00000000eab00000,0x00000000ee500000,0x00000000ee500000)
  from space 2560K, 99% used [0x00000000ef200000,0x00000000ef47f9b8,0x00000000ef480000)
  to   space 3072K, 0% used [0x00000000eee80000,0x00000000eee80000,0x00000000ef180000)
 ParOldGen       total 445440K, used 414859K [0x00000000c0000000, 0x00000000db300000, 0x00000000eab00000)
  object space 445440K, 93% used [0x00000000c0000000,0x00000000d9522d30,0x00000000db300000)
 Metaspace       used 87954K, committed 89536K, reserved 1179648K
  class space    used 9223K, committed 9920K, reserved 1048576K
}
Event: 81.068 GC heap after
{Heap after GC invocations=433 (full 20):
 PSYoungGen      total 61440K, used 3049K [0x00000000eab00000, 0x00000000ef280000, 0x0000000100000000)
  eden space 58368K, 0% used [0x00000000eab00000,0x00000000eab00000,0x00000000ee400000)
  from space 3072K, 99% used [0x00000000eee80000,0x00000000ef17a400,0x00000000ef180000)
  to   space 1024K, 0% used [0x00000000ef180000,0x00000000ef180000,0x00000000ef280000)
 ParOldGen       total 445440K, used 418015K [0x00000000c0000000, 0x00000000db300000, 0x00000000eab00000)
  object space 445440K, 93% used [0x00000000c0000000,0x00000000d9837e68,0x00000000db300000)
 Metaspace       used 87954K, committed 89536K, reserved 1179648K
  class space    used 9223K, committed 9920K, reserved 1048576K
}
Event: 82.076 GC heap before
{Heap before GC invocations=434 (full 20):
 PSYoungGen      total 61440K, used 61417K [0x00000000eab00000, 0x00000000ef280000, 0x0000000100000000)
  eden space 58368K, 100% used [0x00000000eab00000,0x00000000ee400000,0x00000000ee400000)
  from space 3072K, 99% used [0x00000000eee80000,0x00000000ef17a400,0x00000000ef180000)
  to   space 1024K, 0% used [0x00000000ef180000,0x00000000ef180000,0x00000000ef280000)
 ParOldGen       total 445440K, used 418015K [0x00000000c0000000, 0x00000000db300000, 0x00000000eab00000)
  object space 445440K, 93% used [0x00000000c0000000,0x00000000d9837e68,0x00000000db300000)
 Metaspace       used 89116K, committed 90688K, reserved 1179648K
  class space    used 9389K, committed 10112K, reserved 1048576K
}
Event: 82.094 GC heap after
{Heap after GC invocations=434 (full 20):
 PSYoungGen      total 58368K, used 1024K [0x00000000eab00000, 0x00000000efd00000, 0x0000000100000000)
  eden space 57344K, 0% used [0x00000000eab00000,0x00000000eab00000,0x00000000ee300000)
  from space 1024K, 100% used [0x00000000ef180000,0x00000000ef280000,0x00000000ef280000)
  to   space 13312K, 0% used [0x00000000ee300000,0x00000000ee300000,0x00000000ef000000)
 ParOldGen       total 445440K, used 428862K [0x00000000c0000000, 0x00000000db300000, 0x00000000eab00000)
  object space 445440K, 96% used [0x00000000c0000000,0x00000000da2cf888,0x00000000db300000)
 Metaspace       used 89116K, committed 90688K, reserved 1179648K
  class space    used 9389K, committed 10112K, reserved 1048576K
}
Event: 83.091 GC heap before
{Heap before GC invocations=435 (full 20):
 PSYoungGen      total 58368K, used 58368K [0x00000000eab00000, 0x00000000efd00000, 0x0000000100000000)
  eden space 57344K, 100% used [0x00000000eab00000,0x00000000ee300000,0x00000000ee300000)
  from space 1024K, 100% used [0x00000000ef180000,0x00000000ef280000,0x00000000ef280000)
  to   space 13312K, 0% used [0x00000000ee300000,0x00000000ee300000,0x00000000ef000000)
 ParOldGen       total 445440K, used 428862K [0x00000000c0000000, 0x00000000db300000, 0x00000000eab00000)
  object space 445440K, 96% used [0x00000000c0000000,0x00000000da2cf888,0x00000000db300000)
 Metaspace       used 89513K, committed 91008K, reserved 1179648K
  class space    used 9434K, committed 10112K, reserved 1048576K
}
Event: 83.106 GC heap after
{Heap after GC invocations=435 (full 20):
 PSYoungGen      total 69632K, used 13287K [0x00000000eab00000, 0x00000000f0000000, 0x0000000100000000)
  eden space 56320K, 0% used [0x00000000eab00000,0x00000000eab00000,0x00000000ee200000)
  from space 13312K, 99% used [0x00000000ee300000,0x00000000eeff9e40,0x00000000ef000000)
  to   space 15360K, 0% used [0x00000000ef100000,0x00000000ef100000,0x00000000f0000000)
 ParOldGen       total 445440K, used 430001K [0x00000000c0000000, 0x00000000db300000, 0x00000000eab00000)
  object space 445440K, 96% used [0x00000000c0000000,0x00000000da3ec4f8,0x00000000db300000)
 Metaspace       used 89513K, committed 91008K, reserved 1179648K
  class space    used 9434K, committed 10112K, reserved 1048576K
}
Event: 84.605 GC heap before
{Heap before GC invocations=436 (full 20):
 PSYoungGen      total 69632K, used 69607K [0x00000000eab00000, 0x00000000f0000000, 0x0000000100000000)
  eden space 56320K, 100% used [0x00000000eab00000,0x00000000ee200000,0x00000000ee200000)
  from space 13312K, 99% used [0x00000000ee300000,0x00000000eeff9e40,0x00000000ef000000)
  to   space 15360K, 0% used [0x00000000ef100000,0x00000000ef100000,0x00000000f0000000)
 ParOldGen       total 445440K, used 430001K [0x00000000c0000000, 0x00000000db300000, 0x00000000eab00000)
  object space 445440K, 96% used [0x00000000c0000000,0x00000000da3ec4f8,0x00000000db300000)
 Metaspace       used 89581K, committed 91136K, reserved 1179648K
  class space    used 9435K, committed 10112K, reserved 1048576K
}
Event: 84.622 GC heap after
{Heap after GC invocations=436 (full 20):
 PSYoungGen      total 58880K, used 3424K [0x00000000eab00000, 0x00000000ef480000, 0x0000000100000000)
  eden space 55296K, 0% used [0x00000000eab00000,0x00000000eab00000,0x00000000ee100000)
  from space 3584K, 95% used [0x00000000ef100000,0x00000000ef458208,0x00000000ef480000)
  to   space 7680K, 0% used [0x00000000ee580000,0x00000000ee580000,0x00000000eed00000)
 ParOldGen       total 445440K, used 443213K [0x00000000c0000000, 0x00000000db300000, 0x00000000eab00000)
  object space 445440K, 99% used [0x00000000c0000000,0x00000000db0d3410,0x00000000db300000)
 Metaspace       used 89581K, committed 91136K, reserved 1179648K
  class space    used 9435K, committed 10112K, reserved 1048576K
}
Event: 84.622 GC heap before
{Heap before GC invocations=437 (full 21):
 PSYoungGen      total 58880K, used 3424K [0x00000000eab00000, 0x00000000ef480000, 0x0000000100000000)
  eden space 55296K, 0% used [0x00000000eab00000,0x00000000eab00000,0x00000000ee100000)
  from space 3584K, 95% used [0x00000000ef100000,0x00000000ef458208,0x00000000ef480000)
  to   space 7680K, 0% used [0x00000000ee580000,0x00000000ee580000,0x00000000eed00000)
 ParOldGen       total 445440K, used 443213K [0x00000000c0000000, 0x00000000db300000, 0x00000000eab00000)
  object space 445440K, 99% used [0x00000000c0000000,0x00000000db0d3410,0x00000000db300000)
 Metaspace       used 89581K, committed 91136K, reserved 1179648K
  class space    used 9435K, committed 10112K, reserved 1048576K
}
Event: 85.095 GC heap after
{Heap after GC invocations=437 (full 21):
 PSYoungGen      total 54784K, used 0K [0x00000000eab00000, 0x00000000ef180000, 0x0000000100000000)
  eden space 54272K, 0% used [0x00000000eab00000,0x00000000eab00000,0x00000000ee000000)
  from space 512K, 0% used [0x00000000ee580000,0x00000000ee580000,0x00000000ee600000)
  to   space 7680K, 0% used [0x00000000eea00000,0x00000000eea00000,0x00000000ef180000)
 ParOldGen       total 461312K, used 387230K [0x00000000c0000000, 0x00000000dc280000, 0x00000000eab00000)
  object space 461312K, 83% used [0x00000000c0000000,0x00000000d7a27b68,0x00000000dc280000)
 Metaspace       used 89581K, committed 91136K, reserved 1179648K
  class space    used 9435K, committed 10112K, reserved 1048576K
}
Event: 85.535 GC heap before
{Heap before GC invocations=438 (full 21):
 PSYoungGen      total 54784K, used 54073K [0x00000000eab00000, 0x00000000ef180000, 0x0000000100000000)
  eden space 54272K, 99% used [0x00000000eab00000,0x00000000edfce6c0,0x00000000ee000000)
  from space 512K, 0% used [0x00000000ee580000,0x00000000ee580000,0x00000000ee600000)
  to   space 7680K, 0% used [0x00000000eea00000,0x00000000eea00000,0x00000000ef180000)
 ParOldGen       total 461312K, used 387230K [0x00000000c0000000, 0x00000000dc280000, 0x00000000eab00000)
  object space 461312K, 83% used [0x00000000c0000000,0x00000000d7a27b68,0x00000000dc280000)
 Metaspace       used 89594K, committed 91136K, reserved 1179648K
  class space    used 9435K, committed 10112K, reserved 1048576K
}
Event: 85.541 GC heap after
{Heap after GC invocations=438 (full 21):
 PSYoungGen      total 56320K, used 2744K [0x00000000eab00000, 0x00000000eed00000, 0x0000000100000000)
  eden space 53248K, 0% used [0x00000000eab00000,0x00000000eab00000,0x00000000edf00000)
  from space 3072K, 89% used [0x00000000eea00000,0x00000000eecae008,0x00000000eed00000)
  to   space 4096K, 0% used [0x00000000ee500000,0x00000000ee500000,0x00000000ee900000)
 ParOldGen       total 461312K, used 387238K [0x00000000c0000000, 0x00000000dc280000, 0x00000000eab00000)
  object space 461312K, 83% used [0x00000000c0000000,0x00000000d7a29b68,0x00000000dc280000)
 Metaspace       used 89594K, committed 91136K, reserved 1179648K
  class space    used 9435K, committed 10112K, reserved 1048576K
}
Event: 85.710 GC heap before
{Heap before GC invocations=439 (full 21):
 PSYoungGen      total 56320K, used 55479K [0x00000000eab00000, 0x00000000eed00000, 0x0000000100000000)
  eden space 53248K, 99% used [0x00000000eab00000,0x00000000ede7fce8,0x00000000edf00000)
  from space 3072K, 89% used [0x00000000eea00000,0x00000000eecae008,0x00000000eed00000)
  to   space 4096K, 0% used [0x00000000ee500000,0x00000000ee500000,0x00000000ee900000)
 ParOldGen       total 461312K, used 387238K [0x00000000c0000000, 0x00000000dc280000, 0x00000000eab00000)
  object space 461312K, 83% used [0x00000000c0000000,0x00000000d7a29b68,0x00000000dc280000)
 Metaspace       used 89617K, committed 91136K, reserved 1179648K
  class space    used 9435K, committed 10112K, reserved 1048576K
}
Event: 85.720 GC heap after
{Heap after GC invocations=439 (full 21):
 PSYoungGen      total 56320K, used 4094K [0x00000000eab00000, 0x00000000eea80000, 0x0000000100000000)
  eden space 52224K, 0% used [0x00000000eab00000,0x00000000eab00000,0x00000000ede00000)
  from space 4096K, 99% used [0x00000000ee500000,0x00000000ee8ffb10,0x00000000ee900000)
  to   space 1536K, 0% used [0x00000000ee900000,0x00000000ee900000,0x00000000eea80000)
 ParOldGen       total 461312K, used 388646K [0x00000000c0000000, 0x00000000dc280000, 0x00000000eab00000)
  object space 461312K, 84% used [0x00000000c0000000,0x00000000d7b89b08,0x00000000dc280000)
 Metaspace       used 89617K, committed 91136K, reserved 1179648K
  class space    used 9435K, committed 10112K, reserved 1048576K
}
Event: 85.990 GC heap before
{Heap before GC invocations=440 (full 21):
 PSYoungGen      total 56320K, used 56255K [0x00000000eab00000, 0x00000000eea80000, 0x0000000100000000)
  eden space 52224K, 99% used [0x00000000eab00000,0x00000000eddf0440,0x00000000ede00000)
  from space 4096K, 99% used [0x00000000ee500000,0x00000000ee8ffb10,0x00000000ee900000)
  to   space 1536K, 0% used [0x00000000ee900000,0x00000000ee900000,0x00000000eea80000)
 ParOldGen       total 461312K, used 388646K [0x00000000c0000000, 0x00000000dc280000, 0x00000000eab00000)
  object space 461312K, 84% used [0x00000000c0000000,0x00000000d7b89b08,0x00000000dc280000)
 Metaspace       used 89647K, committed 91200K, reserved 1179648K
  class space    used 9437K, committed 10112K, reserved 1048576K
}
Event: 85.997 GC heap after
{Heap after GC invocations=440 (full 21):
 PSYoungGen      total 52736K, used 1530K [0x00000000eab00000, 0x00000000eea80000, 0x0000000100000000)
  eden space 51200K, 0% used [0x00000000eab00000,0x00000000eab00000,0x00000000edd00000)
  from space 1536K, 99% used [0x00000000ee900000,0x00000000eea7e900,0x00000000eea80000)
  to   space 5632K, 0% used [0x00000000edf80000,0x00000000edf80000,0x00000000ee500000)
 ParOldGen       total 461312K, used 392551K [0x00000000c0000000, 0x00000000dc280000, 0x00000000eab00000)
  object space 461312K, 85% used [0x00000000c0000000,0x00000000d7f59f50,0x00000000dc280000)
 Metaspace       used 89647K, committed 91200K, reserved 1179648K
  class space    used 9437K, committed 10112K, reserved 1048576K
}
Event: 86.540 GC heap before
{Heap before GC invocations=441 (full 21):
 PSYoungGen      total 52736K, used 52730K [0x00000000eab00000, 0x00000000eea80000, 0x0000000100000000)
  eden space 51200K, 100% used [0x00000000eab00000,0x00000000edd00000,0x00000000edd00000)
  from space 1536K, 99% used [0x00000000ee900000,0x00000000eea7e900,0x00000000eea80000)
  to   space 5632K, 0% used [0x00000000edf80000,0x00000000edf80000,0x00000000ee500000)
 ParOldGen       total 461312K, used 392551K [0x00000000c0000000, 0x00000000dc280000, 0x00000000eab00000)
  object space 461312K, 85% used [0x00000000c0000000,0x00000000d7f59f50,0x00000000dc280000)
 Metaspace       used 89668K, committed 91200K, reserved 1179648K
  class space    used 9437K, committed 10112K, reserved 1048576K
}
Event: 86.552 GC heap after
{Heap after GC invocations=441 (full 21):
 PSYoungGen      total 55808K, used 5627K [0x00000000eab00000, 0x00000000eef00000, 0x0000000100000000)
  eden space 50176K, 0% used [0x00000000eab00000,0x00000000eab00000,0x00000000edc00000)
  from space 5632K, 99% used [0x00000000edf80000,0x00000000ee4fed68,0x00000000ee500000)
  to   space 9728K, 0% used [0x00000000ee580000,0x00000000ee580000,0x00000000eef00000)
 ParOldGen       total 461312K, used 395820K [0x00000000c0000000, 0x00000000dc280000, 0x00000000eab00000)
  object space 461312K, 85% used [0x00000000c0000000,0x00000000d828b160,0x00000000dc280000)
 Metaspace       used 89668K, committed 91200K, reserved 1179648K
  class space    used 9437K, committed 10112K, reserved 1048576K
}

